[debug] [2017-06-17T20:22:35.831Z] ----------------------------------------------------------------------
[debug] [2017-06-17T20:22:35.840Z] Command:      /usr/bin/nodejs /usr/local/bin/firebase serve
[debug] [2017-06-17T20:22:35.841Z] CLI Version:  3.9.1
[debug] [2017-06-17T20:22:35.841Z] Platform:     linux
[debug] [2017-06-17T20:22:35.842Z] Node Version: v4.2.6
[debug] [2017-06-17T20:22:35.843Z] Time:         Sat Jun 17 2017 16:22:35 GMT-0400 (EDT)
[debug] [2017-06-17T20:22:35.843Z] ----------------------------------------------------------------------
[debug] 
[debug] [2017-06-17T20:22:35.880Z] > command requires scopes: ["email","openid","https://www.googleapis.com/auth/cloudplatformprojects.readonly","https://www.googleapis.com/auth/firebase","https://www.googleapis.com/auth/cloud-platform"]
[debug] [2017-06-17T20:22:35.881Z] > authorizing via signed-in user
[debug] [2017-06-17T20:22:35.886Z] > refreshing access token with scopes: ["email","https://www.googleapis.com/auth/cloud-platform","https://www.googleapis.com/auth/cloudplatformprojects.readonly","https://www.googleapis.com/auth/firebase","openid"]
[debug] [2017-06-17T20:22:35.888Z] >>> HTTP REQUEST POST https://www.googleapis.com/oauth2/v3/token { refresh_token: '1/-YUIiFLW2lzUOYEVr9GY47zKHXp0tKG-ntx7Tn-AcObkDFHqZSj_aB7CRcw7VB5L',
  client_id: '563584335869-fgrhgmd47bqnekij5i8b5pr03ho849e6.apps.googleusercontent.com',
  client_secret: 'j9iVZfS8kkCEFUPaAeJV0sAi',
  grant_type: 'refresh_token',
  scope: 'email https://www.googleapis.com/auth/cloud-platform https://www.googleapis.com/auth/cloudplatformprojects.readonly https://www.googleapis.com/auth/firebase openid' } 
 Sat Jun 17 2017 16:22:35 GMT-0400 (EDT)
[debug] [2017-06-17T20:22:36.272Z] <<< HTTP RESPONSE 200
[debug] [2017-06-17T20:22:36.284Z] >>> HTTP REQUEST GET https://admin.firebase.com/v1/projects/whatareyoubreathing-2659b  
 Sat Jun 17 2017 16:22:36 GMT-0400 (EDT)
[debug] [2017-06-17T20:22:36.854Z] <<< HTTP RESPONSE 200
[debug] [2017-06-17T20:22:36.859Z] >>> HTTP REQUEST GET https://admin.firebase.com/v1/database/whatareyoubreathing-2659b/tokens  
 Sat Jun 17 2017 16:22:36 GMT-0400 (EDT)
[debug] [2017-06-17T20:22:37.542Z] <<< HTTP RESPONSE 200
[info] 
[info] === Serving from '/home/ben/Git/whatareyoubreathing'...
[info] 
[debug] [2017-06-17T20:22:37.554Z] >>> HTTP REQUEST GET https://cloudresourcemanager.googleapis.com/v1/projects/whatareyoubreathing-2659b  
 Sat Jun 17 2017 16:22:37 GMT-0400 (EDT)
[debug] [2017-06-17T20:22:37.918Z] <<< HTTP RESPONSE 200
[debug] [2017-06-17T20:22:37.921Z] >>> HTTP REQUEST GET https://mobilesdk-pa.googleapis.com/v1/projects/302301268712/clients/_:getWebAppConfig  
 Sat Jun 17 2017 16:22:37 GMT-0400 (EDT)
[debug] [2017-06-17T20:22:38.393Z] <<< HTTP RESPONSE 200
[info] i  hosting: Serving hosting files from: ./
[info] ✔  hosting: Local server: http://localhost:5000

